<?xml version="1.0" encoding="UTF-8"?>
<!-- Generated by org.testng.reporters.JUnitReportReporter -->
<testsuite hostname="DESKTOP-GV4438I" failures="0" tests="5" name="com.appiness.qa.testcases.HomeTest" time="0.696" errors="0" timestamp="21 Nov 2021 18:04:02 GMT" skipped="0">
  <testcase classname="com.appiness.qa.testcases.HomeTest" name="VerifyHomepageHeaderTest" time="0.198"/>
  <testcase classname="com.appiness.qa.testcases.HomeTest" name="VerifyEmailInHomepageTest" time="0.055"/>
  <testcase classname="com.appiness.qa.testcases.HomeTest" name="VerifyTablePresenceTest" time="0.224"/>
  <testcase classname="com.appiness.qa.testcases.HomeTest" name="logoutButtonPresenceTest" time="0.068"/>
  <testcase classname="com.appiness.qa.testcases.HomeTest" name="ClickonloginButtonTest" time="0.151"/>
</testsuite> <!-- com.appiness.qa.testcases.HomeTest -->
